{"D:\\node typescript\\weather-api\\src\\models\\UserModel.ts": {"path":"D:\\node typescript\\weather-api\\src\\models\\UserModel.ts","statementMap":{"0":{"start":{"line":1,"column":0},"end":{"line":1,"column":54}},"1":{"start":{"line":2,"column":0},"end":{"line":2,"column":28}},"2":{"start":{"line":11,"column":19},"end":{"line":17,"column":null}},"3":{"start":{"line":20,"column":0},"end":{"line":25,"column":3}},"4":{"start":{"line":21,"column":2},"end":{"line":21,"column":50}},"5":{"start":{"line":21,"column":36},"end":{"line":21,"column":50}},"6":{"start":{"line":22,"column":15},"end":{"line":22,"column":39}},"7":{"start":{"line":23,"column":2},"end":{"line":23,"column":57}},"8":{"start":{"line":24,"column":2},"end":{"line":24,"column":9}},"9":{"start":{"line":27,"column":0},"end":{"line":31,"column":2}},"10":{"start":{"line":30,"column":2},"end":{"line":30,"column":58}},"11":{"start":{"line":33,"column":0},"end":{"line":33,"column":57}}},"fnMap":{"0":{"name":"(anonymous_17)","decl":{"start":{"line":20,"column":30},"end":{"line":20,"column":46}},"loc":{"start":{"line":20,"column":50},"end":{"line":25,"column":2}}},"1":{"name":"(anonymous_19)","decl":{"start":{"line":27,"column":37},"end":{"line":27,"column":null}},"loc":{"start":{"line":28,"column":27},"end":{"line":31,"column":2}}}},"branchMap":{"0":{"loc":{"start":{"line":21,"column":2},"end":{"line":21,"column":50}},"type":"if","locations":[{"start":{"line":21,"column":2},"end":{"line":21,"column":50}}]}},"s":{"0":1,"1":1,"2":1,"3":1,"4":0,"5":0,"6":0,"7":0,"8":0,"9":1,"10":0,"11":1},"f":{"0":0,"1":0},"b":{"0":[0]}}
,"D:\\node typescript\\weather-api\\src\\models\\favoriteModel.ts": {"path":"D:\\node typescript\\weather-api\\src\\models\\favoriteModel.ts","statementMap":{"0":{"start":{"line":1,"column":0},"end":{"line":1,"column":54}},"1":{"start":{"line":8,"column":31},"end":{"line":11,"column":24}},"2":{"start":{"line":13,"column":0},"end":{"line":13,"column":69}}},"fnMap":{},"branchMap":{},"s":{"0":1,"1":1,"2":1},"f":{},"b":{}}
,"D:\\node typescript\\weather-api\\src\\services\\AuthService.ts": {"path":"D:\\node typescript\\weather-api\\src\\services\\AuthService.ts","statementMap":{"0":{"start":{"line":1,"column":0},"end":{"line":1,"column":28}},"1":{"start":{"line":2,"column":0},"end":{"line":2,"column":31}},"2":{"start":{"line":3,"column":0},"end":{"line":3,"column":55}},"3":{"start":{"line":13,"column":25},"end":{"line":13,"column":59}},"4":{"start":{"line":14,"column":4},"end":{"line":16,"column":5}},"5":{"start":{"line":15,"column":6},"end":{"line":15,"column":62}},"6":{"start":{"line":17,"column":4},"end":{"line":17,"column":26}},"7":{"start":{"line":18,"column":27},"end":{"line":18,"column":58}},"8":{"start":{"line":19,"column":17},"end":{"line":19,"column":77}},"9":{"start":{"line":21,"column":4},"end":{"line":21,"column":23}},"10":{"start":{"line":25,"column":22},"end":{"line":25,"column":56}},"11":{"start":{"line":26,"column":4},"end":{"line":26,"column":26}},"12":{"start":{"line":27,"column":4},"end":{"line":27,"column":31}},"13":{"start":{"line":31,"column":4},"end":{"line":37,"column":6}},"14":{"start":{"line":5,"column":0},"end":{"line":5,"column":13}},"15":{"start":{"line":41,"column":0},"end":{"line":41,"column":33}}},"fnMap":{"0":{"name":"(anonymous_8)","decl":{"start":{"line":6,"column":2},"end":{"line":6,"column":17}},"loc":{"start":{"line":6,"column":2},"end":{"line":6,"column":18}}},"1":{"name":"(anonymous_9)","decl":{"start":{"line":8,"column":8},"end":{"line":8,"column":16}},"loc":{"start":{"line":11,"column":20},"end":{"line":22,"column":null}}},"2":{"name":"(anonymous_11)","decl":{"start":{"line":24,"column":8},"end":{"line":24,"column":13}},"loc":{"start":{"line":24,"column":45},"end":{"line":38,"column":null}}}},"branchMap":{"0":{"loc":{"start":{"line":14,"column":4},"end":{"line":16,"column":5}},"type":"if","locations":[{"start":{"line":14,"column":4},"end":{"line":16,"column":5}}]}},"s":{"0":1,"1":1,"2":1,"3":1,"4":1,"5":0,"6":1,"7":1,"8":1,"9":1,"10":1,"11":1,"12":1,"13":1,"14":1,"15":1},"f":{"0":1,"1":1,"2":1},"b":{"0":[0]}}
,"D:\\node typescript\\weather-api\\src\\services\\FavoriteService.ts": {"path":"D:\\node typescript\\weather-api\\src\\services\\FavoriteService.ts","statementMap":{"0":{"start":{"line":2,"column":0},"end":{"line":2,"column":37}},"1":{"start":{"line":3,"column":0},"end":{"line":3,"column":64}},"2":{"start":{"line":4,"column":0},"end":{"line":4,"column":52}},"3":{"start":{"line":5,"column":0},"end":{"line":5,"column":48}},"4":{"start":{"line":16,"column":4},"end":{"line":16,"column":27}},"5":{"start":{"line":20,"column":4},"end":{"line":24,"column":5}},"6":{"start":{"line":21,"column":6},"end":{"line":21,"column":57}},"7":{"start":{"line":23,"column":6},"end":{"line":23,"column":64}},"8":{"start":{"line":28,"column":4},"end":{"line":46,"column":5}},"9":{"start":{"line":29,"column":18},"end":{"line":29,"column":39}},"10":{"start":{"line":30,"column":31},"end":{"line":30,"column":76}},"11":{"start":{"line":32,"column":6},"end":{"line":38,"column":7}},"12":{"start":{"line":33,"column":8},"end":{"line":33,"column":56}},"13":{"start":{"line":34,"column":8},"end":{"line":34,"column":74}},"14":{"start":{"line":36,"column":8},"end":{"line":36,"column":53}},"15":{"start":{"line":37,"column":8},"end":{"line":37,"column":72}},"16":{"start":{"line":40,"column":6},"end":{"line":42,"column":7}},"17":{"start":{"line":41,"column":8},"end":{"line":41,"column":40}},"18":{"start":{"line":44,"column":6},"end":{"line":44,"column":63}},"19":{"start":{"line":45,"column":6},"end":{"line":45,"column":76}},"20":{"start":{"line":50,"column":4},"end":{"line":75,"column":5}},"21":{"start":{"line":51,"column":18},"end":{"line":51,"column":39}},"22":{"start":{"line":53,"column":22},"end":{"line":53,"column":24}},"23":{"start":{"line":54,"column":6},"end":{"line":60,"column":7}},"24":{"start":{"line":55,"column":8},"end":{"line":55,"column":57}},"25":{"start":{"line":56,"column":8},"end":{"line":59,"column":9}},"26":{"start":{"line":57,"column":10},"end":{"line":57,"column":55}},"27":{"start":{"line":58,"column":10},"end":{"line":58,"column":27}},"28":{"start":{"line":62,"column":6},"end":{"line":62,"column":70}},"29":{"start":{"line":63,"column":26},"end":{"line":63,"column":62}},"30":{"start":{"line":65,"column":6},"end":{"line":65,"column":53}},"31":{"start":{"line":65,"column":43},"end":{"line":65,"column":51}},"32":{"start":{"line":67,"column":6},"end":{"line":69,"column":7}},"33":{"start":{"line":68,"column":8},"end":{"line":68,"column":55}},"34":{"start":{"line":71,"column":6},"end":{"line":71,"column":23}},"35":{"start":{"line":73,"column":6},"end":{"line":73,"column":66}},"36":{"start":{"line":74,"column":6},"end":{"line":74,"column":78}},"37":{"start":{"line":79,"column":4},"end":{"line":82,"column":5}},"38":{"start":{"line":80,"column":6},"end":{"line":80,"column":36}},"39":{"start":{"line":81,"column":6},"end":{"line":81,"column":46}},"40":{"start":{"line":86,"column":0},"end":{"line":86,"column":37}}},"fnMap":{"0":{"name":"(anonymous_8)","decl":{"start":{"line":15,"column":2},"end":{"line":15,"column":null}},"loc":{"start":{"line":15,"column":2},"end":{"line":17,"column":3}}},"1":{"name":"(anonymous_9)","decl":{"start":{"line":19,"column":16},"end":{"line":19,"column":31}},"loc":{"start":{"line":19,"column":31},"end":{"line":25,"column":null}}},"2":{"name":"(anonymous_11)","decl":{"start":{"line":27,"column":15},"end":{"line":27,"column":29}},"loc":{"start":{"line":27,"column":58},"end":{"line":47,"column":null}}},"3":{"name":"(anonymous_13)","decl":{"start":{"line":49,"column":15},"end":{"line":49,"column":27}},"loc":{"start":{"line":49,"column":42},"end":{"line":76,"column":null}}},"4":{"name":"(anonymous_15)","decl":{"start":{"line":65,"column":34},"end":{"line":65,"column":35}},"loc":{"start":{"line":65,"column":43},"end":{"line":65,"column":51}}},"5":{"name":"(anonymous_16)","decl":{"start":{"line":78,"column":15},"end":{"line":78,"column":23}},"loc":{"start":{"line":78,"column":23},"end":{"line":83,"column":null}}}},"branchMap":{"0":{"loc":{"start":{"line":32,"column":6},"end":{"line":38,"column":7}},"type":"if","locations":[{"start":{"line":32,"column":6},"end":{"line":38,"column":7}},{"start":{"line":35,"column":13},"end":{"line":38,"column":7}}]},"1":{"loc":{"start":{"line":40,"column":6},"end":{"line":42,"column":7}},"type":"if","locations":[{"start":{"line":40,"column":6},"end":{"line":42,"column":7}}]},"2":{"loc":{"start":{"line":54,"column":6},"end":{"line":60,"column":7}},"type":"if","locations":[{"start":{"line":54,"column":6},"end":{"line":60,"column":7}}]},"3":{"loc":{"start":{"line":56,"column":8},"end":{"line":59,"column":9}},"type":"if","locations":[{"start":{"line":56,"column":8},"end":{"line":59,"column":9}}]},"4":{"loc":{"start":{"line":67,"column":6},"end":{"line":69,"column":7}},"type":"if","locations":[{"start":{"line":67,"column":6},"end":{"line":69,"column":7}}]},"5":{"loc":{"start":{"line":67,"column":10},"end":{"line":67,"column":50}},"type":"binary-expr","locations":[{"start":{"line":67,"column":10},"end":{"line":67,"column":30}},{"start":{"line":67,"column":34},"end":{"line":67,"column":50}}]},"6":{"loc":{"start":{"line":79,"column":4},"end":{"line":82,"column":5}},"type":"if","locations":[{"start":{"line":79,"column":4},"end":{"line":82,"column":5}}]}},"s":{"0":1,"1":1,"2":1,"3":1,"4":1,"5":1,"6":1,"7":0,"8":2,"9":2,"10":2,"11":2,"12":1,"13":1,"14":1,"15":1,"16":2,"17":2,"18":0,"19":0,"20":0,"21":0,"22":0,"23":0,"24":0,"25":0,"26":0,"27":0,"28":0,"29":0,"30":0,"31":0,"32":0,"33":0,"34":0,"35":0,"36":0,"37":0,"38":0,"39":0,"40":1},"f":{"0":1,"1":1,"2":2,"3":0,"4":0,"5":0},"b":{"0":[1,1],"1":[2],"2":[0],"3":[0],"4":[0],"5":[0,0],"6":[0]}}
,"D:\\node typescript\\weather-api\\src\\services\\WeatherService.ts": {"path":"D:\\node typescript\\weather-api\\src\\services\\WeatherService.ts","statementMap":{"0":{"start":{"line":1,"column":0},"end":{"line":1,"column":45}},"1":{"start":{"line":2,"column":0},"end":{"line":2,"column":37}},"2":{"start":{"line":3,"column":0},"end":{"line":3,"column":48}},"3":{"start":{"line":4,"column":0},"end":{"line":4,"column":37}},"4":{"start":{"line":6,"column":0},"end":{"line":6,"column":64}},"5":{"start":{"line":15,"column":4},"end":{"line":15,"column":52}},"6":{"start":{"line":16,"column":4},"end":{"line":16,"column":68}},"7":{"start":{"line":17,"column":4},"end":{"line":20,"column":7}},"8":{"start":{"line":22,"column":4},"end":{"line":28,"column":5}},"9":{"start":{"line":23,"column":6},"end":{"line":27,"column":9}},"10":{"start":{"line":25,"column":36},"end":{"line":25,"column":53}},"11":{"start":{"line":26,"column":40},"end":{"line":26,"column":null}},"12":{"start":{"line":30,"column":4},"end":{"line":30,"column":27}},"13":{"start":{"line":34,"column":4},"end":{"line":38,"column":5}},"14":{"start":{"line":35,"column":6},"end":{"line":35,"column":57}},"15":{"start":{"line":37,"column":6},"end":{"line":37,"column":64}},"16":{"start":{"line":42,"column":4},"end":{"line":42,"column":39}},"17":{"start":{"line":42,"column":27},"end":{"line":42,"column":39}},"18":{"start":{"line":43,"column":4},"end":{"line":48,"column":5}},"19":{"start":{"line":44,"column":6},"end":{"line":44,"column":59}},"20":{"start":{"line":46,"column":6},"end":{"line":46,"column":67}},"21":{"start":{"line":47,"column":6},"end":{"line":47,"column":18}},"22":{"start":{"line":52,"column":4},"end":{"line":52,"column":34}},"23":{"start":{"line":52,"column":27},"end":{"line":52,"column":34}},"24":{"start":{"line":53,"column":4},"end":{"line":57,"column":5}},"25":{"start":{"line":54,"column":6},"end":{"line":54,"column":65}},"26":{"start":{"line":56,"column":6},"end":{"line":56,"column":68}},"27":{"start":{"line":61,"column":4},"end":{"line":81,"column":5}},"28":{"start":{"line":62,"column":25},"end":{"line":62,"column":58}},"29":{"start":{"line":63,"column":6},"end":{"line":66,"column":7}},"30":{"start":{"line":64,"column":8},"end":{"line":64,"column":51}},"31":{"start":{"line":65,"column":8},"end":{"line":65,"column":26}},"32":{"start":{"line":68,"column":23},"end":{"line":70,"column":8}},"33":{"start":{"line":72,"column":27},"end":{"line":72,"column":56}},"34":{"start":{"line":73,"column":6},"end":{"line":73,"column":54}},"35":{"start":{"line":74,"column":6},"end":{"line":74,"column":26}},"36":{"start":{"line":76,"column":6},"end":{"line":79,"column":8}},"37":{"start":{"line":80,"column":6},"end":{"line":80,"column":75}},"38":{"start":{"line":88,"column":4},"end":{"line":100,"column":5}},"39":{"start":{"line":89,"column":23},"end":{"line":91,"column":8}},"40":{"start":{"line":93,"column":6},"end":{"line":93,"column":43}},"41":{"start":{"line":95,"column":6},"end":{"line":98,"column":8}},"42":{"start":{"line":99,"column":6},"end":{"line":99,"column":75}},"43":{"start":{"line":104,"column":4},"end":{"line":107,"column":5}},"44":{"start":{"line":105,"column":6},"end":{"line":105,"column":36}},"45":{"start":{"line":106,"column":6},"end":{"line":106,"column":46}},"46":{"start":{"line":111,"column":0},"end":{"line":111,"column":36}}},"fnMap":{"0":{"name":"(anonymous_8)","decl":{"start":{"line":14,"column":2},"end":{"line":14,"column":null}},"loc":{"start":{"line":14,"column":2},"end":{"line":31,"column":3}}},"1":{"name":"(anonymous_9)","decl":{"start":{"line":25,"column":20},"end":{"line":25,"column":21}},"loc":{"start":{"line":25,"column":36},"end":{"line":25,"column":53}}},"2":{"name":"(anonymous_10)","decl":{"start":{"line":26,"column":24},"end":{"line":26,"column":25}},"loc":{"start":{"line":26,"column":39},"end":{"line":26,"column":null}}},"3":{"name":"(anonymous_11)","decl":{"start":{"line":33,"column":16},"end":{"line":33,"column":31}},"loc":{"start":{"line":33,"column":31},"end":{"line":39,"column":null}}},"4":{"name":"(anonymous_13)","decl":{"start":{"line":41,"column":16},"end":{"line":41,"column":32}},"loc":{"start":{"line":41,"column":45},"end":{"line":49,"column":null}}},"5":{"name":"(anonymous_15)","decl":{"start":{"line":51,"column":16},"end":{"line":51,"column":32}},"loc":{"start":{"line":51,"column":59},"end":{"line":58,"column":null}}},"6":{"name":"(anonymous_17)","decl":{"start":{"line":60,"column":15},"end":{"line":60,"column":31}},"loc":{"start":{"line":60,"column":44},"end":{"line":82,"column":null}}},"7":{"name":"(anonymous_19)","decl":{"start":{"line":84,"column":15},"end":{"line":84,"column":38}},"loc":{"start":{"line":86,"column":15},"end":{"line":101,"column":null}}},"8":{"name":"(anonymous_21)","decl":{"start":{"line":103,"column":15},"end":{"line":103,"column":23}},"loc":{"start":{"line":103,"column":23},"end":{"line":108,"column":null}}}},"branchMap":{"0":{"loc":{"start":{"line":15,"column":18},"end":{"line":15,"column":51}},"type":"binary-expr","locations":[{"start":{"line":15,"column":18},"end":{"line":15,"column":45}},{"start":{"line":15,"column":49},"end":{"line":15,"column":51}}]},"1":{"loc":{"start":{"line":22,"column":4},"end":{"line":28,"column":5}},"type":"if","locations":[{"start":{"line":22,"column":4},"end":{"line":28,"column":5}}]},"2":{"loc":{"start":{"line":26,"column":40},"end":{"line":26,"column":62}},"type":"cond-expr","locations":[{"start":{"line":26,"column":54},"end":{"line":26,"column":56}},{"start":{"line":26,"column":54},"end":{"line":26,"column":62}}]},"3":{"loc":{"start":{"line":26,"column":40},"end":{"line":26,"column":56}},"type":"binary-expr","locations":[{"start":{"line":26,"column":40},"end":{"line":26,"column":56}},{"start":{"line":26,"column":54},"end":{"line":26,"column":56}}]},"4":{"loc":{"start":{"line":42,"column":4},"end":{"line":42,"column":39}},"type":"if","locations":[{"start":{"line":42,"column":4},"end":{"line":42,"column":39}}]},"5":{"loc":{"start":{"line":52,"column":4},"end":{"line":52,"column":34}},"type":"if","locations":[{"start":{"line":52,"column":4},"end":{"line":52,"column":34}}]},"6":{"loc":{"start":{"line":63,"column":6},"end":{"line":66,"column":7}},"type":"if","locations":[{"start":{"line":63,"column":6},"end":{"line":66,"column":7}}]},"7":{"loc":{"start":{"line":78,"column":8},"end":{"line":78,"column":37}},"type":"binary-expr","locations":[{"start":{"line":78,"column":8},"end":{"line":78,"column":28}},{"start":{"line":78,"column":32},"end":{"line":78,"column":37}}]},"8":{"loc":{"start":{"line":78,"column":8},"end":{"line":78,"column":28}},"type":"cond-expr","locations":[{"start":{"line":78,"column":22},"end":{"line":78,"column":24}},{"start":{"line":78,"column":22},"end":{"line":78,"column":28}}]},"9":{"loc":{"start":{"line":78,"column":8},"end":{"line":78,"column":24}},"type":"binary-expr","locations":[{"start":{"line":78,"column":8},"end":{"line":78,"column":24}},{"start":{"line":78,"column":22},"end":{"line":78,"column":24}}]},"10":{"loc":{"start":{"line":97,"column":8},"end":{"line":97,"column":37}},"type":"binary-expr","locations":[{"start":{"line":97,"column":8},"end":{"line":97,"column":28}},{"start":{"line":97,"column":32},"end":{"line":97,"column":37}}]},"11":{"loc":{"start":{"line":97,"column":8},"end":{"line":97,"column":28}},"type":"cond-expr","locations":[{"start":{"line":97,"column":22},"end":{"line":97,"column":24}},{"start":{"line":97,"column":22},"end":{"line":97,"column":28}}]},"12":{"loc":{"start":{"line":97,"column":8},"end":{"line":97,"column":24}},"type":"binary-expr","locations":[{"start":{"line":97,"column":8},"end":{"line":97,"column":24}},{"start":{"line":97,"column":22},"end":{"line":97,"column":24}}]},"13":{"loc":{"start":{"line":104,"column":4},"end":{"line":107,"column":5}},"type":"if","locations":[{"start":{"line":104,"column":4},"end":{"line":107,"column":5}}]}},"s":{"0":1,"1":1,"2":1,"3":1,"4":1,"5":1,"6":1,"7":1,"8":1,"9":1,"10":0,"11":0,"12":1,"13":1,"14":1,"15":1,"16":2,"17":2,"18":0,"19":0,"20":0,"21":0,"22":1,"23":1,"24":0,"25":0,"26":0,"27":2,"28":2,"29":2,"30":0,"31":0,"32":2,"33":1,"34":1,"35":1,"36":1,"37":1,"38":2,"39":2,"40":1,"41":1,"42":1,"43":0,"44":0,"45":0,"46":1},"f":{"0":1,"1":0,"2":0,"3":1,"4":2,"5":1,"6":2,"7":2,"8":0},"b":{"0":[1,1],"1":[1],"2":[0,0],"3":[0,0],"4":[2],"5":[1],"6":[0],"7":[1,1],"8":[1,0],"9":[1,1],"10":[1,1],"11":[1,0],"12":[1,1],"13":[0]}}
,"D:\\node typescript\\weather-api\\src\\utils\\CustomErrors.ts": {"path":"D:\\node typescript\\weather-api\\src\\utils\\CustomErrors.ts","statementMap":{"0":{"start":{"line":3,"column":4},"end":{"line":3,"column":19}},"1":{"start":{"line":4,"column":4},"end":{"line":4,"column":36}},"2":{"start":{"line":1,"column":0},"end":{"line":1,"column":13}},"3":{"start":{"line":10,"column":4},"end":{"line":10,"column":19}},"4":{"start":{"line":11,"column":4},"end":{"line":11,"column":42}},"5":{"start":{"line":8,"column":0},"end":{"line":8,"column":13}}},"fnMap":{"0":{"name":"(anonymous_0)","decl":{"start":{"line":2,"column":2},"end":{"line":2,"column":14}},"loc":{"start":{"line":2,"column":45},"end":{"line":5,"column":3}}},"1":{"name":"(anonymous_1)","decl":{"start":{"line":9,"column":2},"end":{"line":9,"column":14}},"loc":{"start":{"line":9,"column":45},"end":{"line":12,"column":3}}}},"branchMap":{"0":{"loc":{"start":{"line":2,"column":14},"end":{"line":2,"column":45}},"type":"default-arg","locations":[{"start":{"line":2,"column":24},"end":{"line":2,"column":45}}]},"1":{"loc":{"start":{"line":9,"column":14},"end":{"line":9,"column":45}},"type":"default-arg","locations":[{"start":{"line":9,"column":24},"end":{"line":9,"column":45}}]}},"s":{"0":0,"1":0,"2":2,"3":2,"4":2,"5":2},"f":{"0":0,"1":2},"b":{"0":[0],"1":[0]}}
,"D:\\node typescript\\weather-api\\src\\utils\\Logger.ts": {"path":"D:\\node typescript\\weather-api\\src\\utils\\Logger.ts","statementMap":{"0":{"start":{"line":1,"column":0},"end":{"line":1,"column":59}},"1":{"start":{"line":7,"column":4},"end":{"line":19,"column":7}},"2":{"start":{"line":12,"column":10},"end":{"line":12,"column":84}},"3":{"start":{"line":23,"column":4},"end":{"line":23,"column":30}},"4":{"start":{"line":27,"column":4},"end":{"line":27,"column":63}},"5":{"start":{"line":31,"column":0},"end":{"line":31,"column":28}}},"fnMap":{"0":{"name":"(anonymous_1)","decl":{"start":{"line":6,"column":2},"end":{"line":6,"column":null}},"loc":{"start":{"line":6,"column":2},"end":{"line":20,"column":3}}},"1":{"name":"(anonymous_2)","decl":{"start":{"line":11,"column":30},"end":{"line":11,"column":31}},"loc":{"start":{"line":11,"column":74},"end":{"line":13,"column":9}}},"2":{"name":"(anonymous_3)","decl":{"start":{"line":22,"column":9},"end":{"line":22,"column":13}},"loc":{"start":{"line":22,"column":29},"end":{"line":24,"column":3}}},"3":{"name":"(anonymous_4)","decl":{"start":{"line":26,"column":9},"end":{"line":26,"column":14}},"loc":{"start":{"line":26,"column":45},"end":{"line":28,"column":3}}}},"branchMap":{"0":{"loc":{"start":{"line":27,"column":38},"end":{"line":27,"column":59}},"type":"binary-expr","locations":[{"start":{"line":27,"column":38},"end":{"line":27,"column":50}},{"start":{"line":27,"column":54},"end":{"line":27,"column":59}}]},"1":{"loc":{"start":{"line":27,"column":38},"end":{"line":27,"column":50}},"type":"cond-expr","locations":[{"start":{"line":27,"column":43},"end":{"line":27,"column":45}},{"start":{"line":27,"column":38},"end":{"line":27,"column":50}}]},"2":{"loc":{"start":{"line":27,"column":38},"end":{"line":27,"column":45}},"type":"binary-expr","locations":[{"start":{"line":27,"column":38},"end":{"line":27,"column":45}},{"start":{"line":27,"column":38},"end":{"line":27,"column":45}}]}},"s":{"0":2,"1":2,"2":5,"3":2,"4":3,"5":2},"f":{"0":2,"1":5,"2":2,"3":3},"b":{"0":[3,0],"1":[0,3],"2":[3,3]}}
}
