TN:
SF:src\models\UserModel.ts
FN:20,(anonymous_17)
FN:27,(anonymous_19)
FNF:2
FNH:0
FNDA:0,(anonymous_17)
FNDA:0,(anonymous_19)
DA:1,1
DA:2,1
DA:11,1
DA:20,1
DA:21,0
DA:22,0
DA:23,0
DA:24,0
DA:27,1
DA:30,0
DA:33,1
LF:11
LH:6
BRDA:21,0,0,0
BRF:1
BRH:0
end_of_record
TN:
SF:src\models\favoriteModel.ts
FNF:0
FNH:0
DA:1,1
DA:8,1
DA:13,1
LF:3
LH:3
BRF:0
BRH:0
end_of_record
TN:
SF:src\services\AuthService.ts
FN:6,(anonymous_8)
FN:8,(anonymous_9)
FN:24,(anonymous_11)
FNF:3
FNH:3
FNDA:1,(anonymous_8)
FNDA:1,(anonymous_9)
FNDA:1,(anonymous_11)
DA:1,1
DA:2,1
DA:3,1
DA:5,1
DA:13,1
DA:14,1
DA:15,0
DA:17,1
DA:18,1
DA:19,1
DA:21,1
DA:25,1
DA:26,1
DA:27,1
DA:31,1
DA:41,1
LF:16
LH:15
BRDA:14,0,0,0
BRF:1
BRH:0
end_of_record
TN:
SF:src\services\FavoriteService.ts
FN:15,(anonymous_8)
FN:19,(anonymous_9)
FN:27,(anonymous_11)
FN:49,(anonymous_13)
FN:65,(anonymous_15)
FN:78,(anonymous_16)
FNF:6
FNH:3
FNDA:1,(anonymous_8)
FNDA:1,(anonymous_9)
FNDA:2,(anonymous_11)
FNDA:0,(anonymous_13)
FNDA:0,(anonymous_15)
FNDA:0,(anonymous_16)
DA:2,1
DA:3,1
DA:4,1
DA:5,1
DA:16,1
DA:20,1
DA:21,1
DA:23,0
DA:28,2
DA:29,2
DA:30,2
DA:32,2
DA:33,1
DA:34,1
DA:36,1
DA:37,1
DA:40,2
DA:41,2
DA:44,0
DA:45,0
DA:50,0
DA:51,0
DA:53,0
DA:54,0
DA:55,0
DA:56,0
DA:57,0
DA:58,0
DA:62,0
DA:63,0
DA:65,0
DA:67,0
DA:68,0
DA:71,0
DA:73,0
DA:74,0
DA:79,0
DA:80,0
DA:81,0
DA:86,1
LF:40
LH:18
BRDA:32,0,0,1
BRDA:32,0,1,1
BRDA:40,1,0,2
BRDA:54,2,0,0
BRDA:56,3,0,0
BRDA:67,4,0,0
BRDA:67,5,0,0
BRDA:67,5,1,0
BRDA:79,6,0,0
BRF:9
BRH:3
end_of_record
TN:
SF:src\services\WeatherService.ts
FN:14,(anonymous_8)
FN:25,(anonymous_9)
FN:26,(anonymous_10)
FN:33,(anonymous_11)
FN:41,(anonymous_13)
FN:51,(anonymous_15)
FN:60,(anonymous_17)
FN:84,(anonymous_19)
FN:103,(anonymous_21)
FNF:9
FNH:6
FNDA:1,(anonymous_8)
FNDA:0,(anonymous_9)
FNDA:0,(anonymous_10)
FNDA:1,(anonymous_11)
FNDA:2,(anonymous_13)
FNDA:1,(anonymous_15)
FNDA:2,(anonymous_17)
FNDA:2,(anonymous_19)
FNDA:0,(anonymous_21)
DA:1,1
DA:2,1
DA:3,1
DA:4,1
DA:6,1
DA:15,1
DA:16,1
DA:17,1
DA:22,1
DA:23,1
DA:25,0
DA:26,0
DA:30,1
DA:34,1
DA:35,1
DA:37,1
DA:42,2
DA:43,0
DA:44,0
DA:46,0
DA:47,0
DA:52,1
DA:53,0
DA:54,0
DA:56,0
DA:61,2
DA:62,2
DA:63,2
DA:64,0
DA:65,0
DA:68,2
DA:72,1
DA:73,1
DA:74,1
DA:76,1
DA:80,1
DA:88,2
DA:89,2
DA:93,1
DA:95,1
DA:99,1
DA:104,0
DA:105,0
DA:106,0
DA:111,1
LF:45
LH:31
BRDA:15,0,0,1
BRDA:15,0,1,1
BRDA:22,1,0,1
BRDA:26,2,0,0
BRDA:26,2,1,0
BRDA:26,3,0,0
BRDA:26,3,1,0
BRDA:42,4,0,2
BRDA:52,5,0,1
BRDA:63,6,0,0
BRDA:78,7,0,1
BRDA:78,7,1,1
BRDA:78,8,0,1
BRDA:78,8,1,0
BRDA:78,9,0,1
BRDA:78,9,1,1
BRDA:97,10,0,1
BRDA:97,10,1,1
BRDA:97,11,0,1
BRDA:97,11,1,0
BRDA:97,12,0,1
BRDA:97,12,1,1
BRDA:104,13,0,0
BRF:23
BRH:15
end_of_record
TN:
SF:src\utils\CustomErrors.ts
FN:2,(anonymous_0)
FN:9,(anonymous_1)
FNF:2
FNH:1
FNDA:0,(anonymous_0)
FNDA:2,(anonymous_1)
DA:1,2
DA:3,0
DA:4,0
DA:8,2
DA:10,2
DA:11,2
LF:6
LH:4
BRDA:2,0,0,0
BRDA:9,1,0,0
BRF:2
BRH:0
end_of_record
TN:
SF:src\utils\Logger.ts
FN:6,(anonymous_1)
FN:11,(anonymous_2)
FN:22,(anonymous_3)
FN:26,(anonymous_4)
FNF:4
FNH:4
FNDA:2,(anonymous_1)
FNDA:5,(anonymous_2)
FNDA:2,(anonymous_3)
FNDA:3,(anonymous_4)
DA:1,2
DA:7,2
DA:12,5
DA:23,2
DA:27,3
DA:31,2
LF:6
LH:6
BRDA:27,0,0,3
BRDA:27,0,1,0
BRDA:27,1,0,0
BRDA:27,1,1,3
BRDA:27,2,0,3
BRDA:27,2,1,3
BRF:6
BRH:4
end_of_record
